<?xml version="1.0" encoding="UTF-8"?>
<testsuite name="Challenge" tests="1" skipped="0" failures="0" errors="0" timestamp="2021-12-12T03:03:11" hostname="DESKTOP-6VO9PJ9" time="60.347">
  <properties/>
  <testcase name="Creating a new user" classname="Challenge" time="60.347"/>
  <system-out><![CDATA[]]></system-out>
  <system-err><![CDATA[[Test worker] WARN net.thucydides.core.steps.BaseStepListener - stepStarted: net.thucydides.core.steps.ExecutedStepDescription@154e8a50
[Test worker] WARN net.thucydides.core.steps.BaseStepListener - stepStarted: net.thucydides.core.steps.ExecutedStepDescription@5a195a43
[Test worker] WARN net.thucydides.core.steps.BaseStepListener - stepStarted: net.thucydides.core.steps.ExecutedStepDescription@2171af41
Dec 11, 2021 10:03:13 PM org.openqa.selenium.remote.DesiredCapabilities chrome
INFO: Using `new ChromeOptions()` is preferred to `DesiredCapabilities.chrome()`
[Test worker] INFO net.serenitybdd.core.webdriver.driverproviders.ProvideNewDriver - Instantiating driver
[Test worker] INFO net.serenitybdd.core.webdriver.driverproviders.ProvideNewDriver - Driver capabilities: Capabilities {acceptInsecureCerts: false, browserName: chrome, chrome.switches: --start-maximized, goog:chromeOptions: {args: [--start-maximized], extensions: []}, loggingPrefs: org.openqa.selenium.logging..., platform: ANY, version: }
Starting ChromeDriver 96.0.4664.45 (76e4c1bb2ab4671b8beba3444e61c0f17584b2fc-refs/branch-heads/4664@{#947}) on port 12147
Only local connections are allowed.
Please see https://chromedriver.chromium.org/security-considerations for suggestions on keeping ChromeDriver safe.
ChromeDriver was started successfully.
Dec 11, 2021 10:03:18 PM org.openqa.selenium.remote.ProtocolHandshake createSession
INFO: Detected dialect: W3C
[Test worker] WARN net.thucydides.core.steps.BaseStepListener - stepFinished: current outcome:Creating a new user:Given A user wants to create an account on Utest.com [Usuario open up [usuario opens the Utest page]]
[Test worker] WARN net.thucydides.core.steps.BaseStepListener - stepFinished: current outcome:Creating a new user:Given A user wants to create an account on Utest.com [Usuario open up [usuario opens the Utest page]]
[Test worker] WARN net.thucydides.core.steps.BaseStepListener - stepFinished: current outcome:Creating a new user:Given A user wants to create an account on Utest.com [Usuario open up [usuario opens the Utest page]]
[Test worker] WARN net.thucydides.core.steps.BaseStepListener - stepStarted: net.thucydides.core.steps.ExecutedStepDescription@6690dd3f
[Test worker] WARN net.thucydides.core.steps.BaseStepListener - stepStarted: net.thucydides.core.steps.ExecutedStepDescription@715701a1
[Test worker] WARN net.thucydides.core.steps.BaseStepListener - stepStarted: net.thucydides.core.steps.ExecutedStepDescription@4100fc23
[Test worker] WARN net.thucydides.core.steps.BaseStepListener - stepFinished: current outcome:Creating a new user:Given A user wants to create an account on Utest.com [Usuario open up [usuario opens the Utest page]], When he click on the button Join today an fill the form [Usuario join [usuario clicks on presionando boton Join]]
[Test worker] WARN net.thucydides.core.steps.BaseStepListener - stepStarted: net.thucydides.core.steps.ExecutedStepDescription@6c76a3d8
[Test worker] WARN net.thucydides.core.steps.BaseStepListener - stepFinished: current outcome:Creating a new user:Given A user wants to create an account on Utest.com [Usuario open up [usuario opens the Utest page]], When he click on the button Join today an fill the form [Usuario join [usuario clicks on presionando boton Join, usuario enters 'Agustin' into llenando con un nombre]]
[Test worker] WARN net.thucydides.core.steps.BaseStepListener - stepStarted: net.thucydides.core.steps.ExecutedStepDescription@33c0181c
[Test worker] WARN net.thucydides.core.steps.BaseStepListener - stepFinished: current outcome:Creating a new user:Given A user wants to create an account on Utest.com [Usuario open up [usuario opens the Utest page]], When he click on the button Join today an fill the form [Usuario join [usuario clicks on presionando boton Join, usuario enters 'Agustin' into llenando con un nombre, usuario enters 'Sanchez' into llenando con un apellido]]
[Test worker] WARN net.thucydides.core.steps.BaseStepListener - stepStarted: net.thucydides.core.steps.ExecutedStepDescription@7d03fd27
[Test worker] WARN net.thucydides.core.steps.BaseStepListener - stepFinished: current outcome:Creating a new user:Given A user wants to create an account on Utest.com [Usuario open up [usuario opens the Utest page]], When he click on the button Join today an fill the form [Usuario join [usuario clicks on presionando boton Join, usuario enters 'Agustin' into llenando con un nombre, usuario enters 'Sanchez' into llenando con un apellido, usuario enters 'agustin@test.com' into llenando con un correo]]
[Test worker] WARN net.thucydides.core.steps.BaseStepListener - stepStarted: net.thucydides.core.steps.ExecutedStepDescription@10facc6
[Test worker] WARN net.thucydides.core.steps.BaseStepListener - stepFinished: current outcome:Creating a new user:Given A user wants to create an account on Utest.com [Usuario open up [usuario opens the Utest page]], When he click on the button Join today an fill the form [Usuario join [usuario clicks on presionando boton Join, usuario enters 'Agustin' into llenando con un nombre, usuario enters 'Sanchez' into llenando con un apellido, usuario enters 'agustin@test.com' into llenando con un correo, usuario select June on Ingresando mes]]
[Test worker] WARN net.thucydides.core.steps.BaseStepListener - stepStarted: net.thucydides.core.steps.ExecutedStepDescription@136982cc
[Test worker] WARN net.thucydides.core.steps.BaseStepListener - stepFinished: current outcome:Creating a new user:Given A user wants to create an account on Utest.com [Usuario open up [usuario opens the Utest page]], When he click on the button Join today an fill the form [Usuario join [usuario clicks on presionando boton Join, usuario enters 'Agustin' into llenando con un nombre, usuario enters 'Sanchez' into llenando con un apellido, usuario enters 'agustin@test.com' into llenando con un correo, usuario select June on Ingresando mes, usuario select 29 on Ingresando day]]
[Test worker] WARN net.thucydides.core.steps.BaseStepListener - stepStarted: net.thucydides.core.steps.ExecutedStepDescription@1f6dd161
[Test worker] WARN net.thucydides.core.steps.BaseStepListener - stepFinished: current outcome:Creating a new user:Given A user wants to create an account on Utest.com [Usuario open up [usuario opens the Utest page]], When he click on the button Join today an fill the form [Usuario join [usuario clicks on presionando boton Join, usuario enters 'Agustin' into llenando con un nombre, usuario enters 'Sanchez' into llenando con un apellido, usuario enters 'agustin@test.com' into llenando con un correo, usuario select June on Ingresando mes, usuario select 29 on Ingresando day, usuario select 1997 on Ingresando aÃ±o]]
[Test worker] WARN net.thucydides.core.steps.BaseStepListener - stepStarted: net.thucydides.core.steps.ExecutedStepDescription@749782c2
[Test worker] WARN net.thucydides.core.steps.BaseStepListener - stepFinished: current outcome:Creating a new user:Given A user wants to create an account on Utest.com [Usuario open up [usuario opens the Utest page]], When he click on the button Join today an fill the form [Usuario join [usuario clicks on presionando boton Join, usuario enters 'Agustin' into llenando con un nombre, usuario enters 'Sanchez' into llenando con un apellido, usuario enters 'agustin@test.com' into llenando con un correo, usuario select June on Ingresando mes, usuario select 29 on Ingresando day, usuario select 1997 on Ingresando aÃ±o, usuario clicks on siguiente]]
[Test worker] WARN net.thucydides.core.steps.BaseStepListener - stepStarted: net.thucydides.core.steps.ExecutedStepDescription@b7e2bf9
[Test worker] WARN net.thucydides.core.steps.BaseStepListener - stepFinished: current outcome:Creating a new user:Given A user wants to create an account on Utest.com [Usuario open up [usuario opens the Utest page]], When he click on the button Join today an fill the form [Usuario join [usuario clicks on presionando boton Join, usuario enters 'Agustin' into llenando con un nombre, usuario enters 'Sanchez' into llenando con un apellido, usuario enters 'agustin@test.com' into llenando con un correo, usuario select June on Ingresando mes, usuario select 29 on Ingresando day, usuario select 1997 on Ingresando aÃ±o, usuario clicks on siguiente, usuario enters '07120' into ingresando zip code]]
[Test worker] WARN net.thucydides.core.steps.BaseStepListener - stepStarted: net.thucydides.core.steps.ExecutedStepDescription@d35e8a7
[Test worker] WARN net.thucydides.core.steps.BaseStepListener - stepFinished: current outcome:Creating a new user:Given A user wants to create an account on Utest.com [Usuario open up [usuario opens the Utest page]], When he click on the button Join today an fill the form [Usuario join [usuario clicks on presionando boton Join, usuario enters 'Agustin' into llenando con un nombre, usuario enters 'Sanchez' into llenando con un apellido, usuario enters 'agustin@test.com' into llenando con un correo, usuario select June on Ingresando mes, usuario select 29 on Ingresando day, usuario select 1997 on Ingresando aÃ±o, usuario clicks on siguiente, usuario enters '07120' into ingresando zip code, usuario clicks on Next: devices]]
[Test worker] WARN net.thucydides.core.steps.BaseStepListener - stepStarted: net.thucydides.core.steps.ExecutedStepDescription@569631be
[Test worker] WARN net.thucydides.core.steps.BaseStepListener - stepFinished: current outcome:Creating a new user:Given A user wants to create an account on Utest.com [Usuario open up [usuario opens the Utest page]], When he click on the button Join today an fill the form [Usuario join [usuario clicks on presionando boton Join, usuario enters 'Agustin' into llenando con un nombre, usuario enters 'Sanchez' into llenando con un apellido, usuario enters 'agustin@test.com' into llenando con un correo, usuario select June on Ingresando mes, usuario select 29 on Ingresando day, usuario select 1997 on Ingresando aÃ±o, usuario clicks on siguiente, usuario enters '07120' into ingresando zip code, usuario clicks on Next: devices, usuario clicks on Boton hacia el ultimo paso]]
[Test worker] WARN net.thucydides.core.steps.BaseStepListener - stepStarted: net.thucydides.core.steps.ExecutedStepDescription@22c787ff
[Test worker] WARN net.thucydides.core.steps.BaseStepListener - stepFinished: current outcome:Creating a new user:Given A user wants to create an account on Utest.com [Usuario open up [usuario opens the Utest page]], When he click on the button Join today an fill the form [Usuario join [usuario clicks on presionando boton Join, usuario enters 'Agustin' into llenando con un nombre, usuario enters 'Sanchez' into llenando con un apellido, usuario enters 'agustin@test.com' into llenando con un correo, usuario select June on Ingresando mes, usuario select 29 on Ingresando day, usuario select 1997 on Ingresando aÃ±o, usuario clicks on siguiente, usuario enters '07120' into ingresando zip code, usuario clicks on Next: devices, usuario clicks on Boton hacia el ultimo paso, usuario enters 'Choucair2021*' into ingresando contraseÃ±a]]
[Test worker] WARN net.thucydides.core.steps.BaseStepListener - stepStarted: net.thucydides.core.steps.ExecutedStepDescription@e53f387
[Test worker] WARN net.thucydides.core.steps.BaseStepListener - stepFinished: current outcome:Creating a new user:Given A user wants to create an account on Utest.com [Usuario open up [usuario opens the Utest page]], When he click on the button Join today an fill the form [Usuario join [usuario clicks on presionando boton Join, usuario enters 'Agustin' into llenando con un nombre, usuario enters 'Sanchez' into llenando con un apellido, usuario enters 'agustin@test.com' into llenando con un correo, usuario select June on Ingresando mes, usuario select 29 on Ingresando day, usuario select 1997 on Ingresando aÃ±o, usuario clicks on siguiente, usuario enters '07120' into ingresando zip code, usuario clicks on Next: devices, usuario clicks on Boton hacia el ultimo paso, usuario enters 'Choucair2021*' into ingresando contraseÃ±a, usuario enters 'Choucair2021*' into confirmando contraseÃ±a]]
[Test worker] WARN net.thucydides.core.steps.BaseStepListener - stepStarted: net.thucydides.core.steps.ExecutedStepDescription@473ad553
[Test worker] WARN net.thucydides.core.steps.BaseStepListener - stepFinished: current outcome:Creating a new user:Given A user wants to create an account on Utest.com [Usuario open up [usuario opens the Utest page]], When he click on the button Join today an fill the form [Usuario join [usuario clicks on presionando boton Join, usuario enters 'Agustin' into llenando con un nombre, usuario enters 'Sanchez' into llenando con un apellido, usuario enters 'agustin@test.com' into llenando con un correo, usuario select June on Ingresando mes, usuario select 29 on Ingresando day, usuario select 1997 on Ingresando aÃ±o, usuario clicks on siguiente, usuario enters '07120' into ingresando zip code, usuario clicks on Next: devices, usuario clicks on Boton hacia el ultimo paso, usuario enters 'Choucair2021*' into ingresando contraseÃ±a, usuario enters 'Choucair2021*' into confirmando contraseÃ±a, usuario clicks on confirmado 1]]
[Test worker] WARN net.thucydides.core.steps.BaseStepListener - stepStarted: net.thucydides.core.steps.ExecutedStepDescription@3e3153a9
[Test worker] WARN net.thucydides.core.steps.BaseStepListener - stepFinished: current outcome:Creating a new user:Given A user wants to create an account on Utest.com [Usuario open up [usuario opens the Utest page]], When he click on the button Join today an fill the form [Usuario join [usuario clicks on presionando boton Join, usuario enters 'Agustin' into llenando con un nombre, usuario enters 'Sanchez' into llenando con un apellido, usuario enters 'agustin@test.com' into llenando con un correo, usuario select June on Ingresando mes, usuario select 29 on Ingresando day, usuario select 1997 on Ingresando aÃ±o, usuario clicks on siguiente, usuario enters '07120' into ingresando zip code, usuario clicks on Next: devices, usuario clicks on Boton hacia el ultimo paso, usuario enters 'Choucair2021*' into ingresando contraseÃ±a, usuario enters 'Choucair2021*' into confirmando contraseÃ±a, usuario clicks on confirmado 1, usuario clicks on confirmado 2]]
[Test worker] WARN net.thucydides.core.steps.BaseStepListener - stepStarted: net.thucydides.core.steps.ExecutedStepDescription@2101e675
[Test worker] WARN net.thucydides.core.steps.BaseStepListener - stepFinished: current outcome:Creating a new user:Given A user wants to create an account on Utest.com [Usuario open up [usuario opens the Utest page]], When he click on the button Join today an fill the form [Usuario join [usuario clicks on presionando boton Join, usuario enters 'Agustin' into llenando con un nombre, usuario enters 'Sanchez' into llenando con un apellido, usuario enters 'agustin@test.com' into llenando con un correo, usuario select June on Ingresando mes, usuario select 29 on Ingresando day, usuario select 1997 on Ingresando aÃ±o, usuario clicks on siguiente, usuario enters '07120' into ingresando zip code, usuario clicks on Next: devices, usuario clicks on Boton hacia el ultimo paso, usuario enters 'Choucair2021*' into ingresando contraseÃ±a, usuario enters 'Choucair2021*' into confirmando contraseÃ±a, usuario clicks on confirmado 1, usuario clicks on confirmado 2, usuario clicks on Completando formulario]]
[Test worker] WARN net.thucydides.core.steps.BaseStepListener - stepFinished: current outcome:Creating a new user:Given A user wants to create an account on Utest.com [Usuario open up [usuario opens the Utest page]], When he click on the button Join today an fill the form [Usuario join [usuario clicks on presionando boton Join, usuario enters 'Agustin' into llenando con un nombre, usuario enters 'Sanchez' into llenando con un apellido, usuario enters 'agustin@test.com' into llenando con un correo, usuario select June on Ingresando mes, usuario select 29 on Ingresando day, usuario select 1997 on Ingresando aÃ±o, usuario clicks on siguiente, usuario enters '07120' into ingresando zip code, usuario clicks on Next: devices, usuario clicks on Boton hacia el ultimo paso, usuario enters 'Choucair2021*' into ingresando contraseÃ±a, usuario enters 'Choucair2021*' into confirmando contraseÃ±a, usuario clicks on confirmado 1, usuario clicks on confirmado 2, usuario clicks on Completando formulario]]
[Test worker] WARN net.thucydides.core.steps.BaseStepListener - stepFinished: current outcome:Creating a new user:Given A user wants to create an account on Utest.com [Usuario open up [usuario opens the Utest page]], When he click on the button Join today an fill the form [Usuario join [usuario clicks on presionando boton Join, usuario enters 'Agustin' into llenando con un nombre, usuario enters 'Sanchez' into llenando con un apellido, usuario enters 'agustin@test.com' into llenando con un correo, usuario select June on Ingresando mes, usuario select 29 on Ingresando day, usuario select 1997 on Ingresando aÃ±o, usuario clicks on siguiente, usuario enters '07120' into ingresando zip code, usuario clicks on Next: devices, usuario clicks on Boton hacia el ultimo paso, usuario enters 'Choucair2021*' into ingresando contraseÃ±a, usuario enters 'Choucair2021*' into confirmando contraseÃ±a, usuario clicks on confirmado 1, usuario clicks on confirmado 2, usuario clicks on Completando formulario]]
[Test worker] WARN net.thucydides.core.steps.BaseStepListener - stepStarted: net.thucydides.core.steps.ExecutedStepDescription@214ca60
[Test worker] WARN net.thucydides.core.steps.BaseStepListener - stepFinished: current outcome:Creating a new user:Given A user wants to create an account on Utest.com [Usuario open up [usuario opens the Utest page]], When he click on the button Join today an fill the form [Usuario join [usuario clicks on presionando boton Join, usuario enters 'Agustin' into llenando con un nombre, usuario enters 'Sanchez' into llenando con un apellido, usuario enters 'agustin@test.com' into llenando con un correo, usuario select June on Ingresando mes, usuario select 29 on Ingresando day, usuario select 1997 on Ingresando aÃ±o, usuario clicks on siguiente, usuario enters '07120' into ingresando zip code, usuario clicks on Next: devices, usuario clicks on Boton hacia el ultimo paso, usuario enters 'Choucair2021*' into ingresando contraseÃ±a, usuario enters 'Choucair2021*' into confirmando contraseÃ±a, usuario clicks on confirmado 1, usuario clicks on confirmado 2, usuario clicks on Completando formulario]], Then Him user will be succesfully created
[Test worker] WARN net.thucydides.core.steps.BaseStepListener - testFinished: Creating a new user:Given A user wants to create an account on Utest.com [Usuario open up [usuario opens the Utest page]], When he click on the button Join today an fill the form [Usuario join [usuario clicks on presionando boton Join, usuario enters 'Agustin' into llenando con un nombre, usuario enters 'Sanchez' into llenando con un apellido, usuario enters 'agustin@test.com' into llenando con un correo, usuario select June on Ingresando mes, usuario select 29 on Ingresando day, usuario select 1997 on Ingresando aÃ±o, usuario clicks on siguiente, usuario enters '07120' into ingresando zip code, usuario clicks on Next: devices, usuario clicks on Boton hacia el ultimo paso, usuario enters 'Choucair2021*' into ingresando contraseÃ±a, usuario enters 'Choucair2021*' into confirmando contraseÃ±a, usuario clicks on confirmado 1, usuario clicks on confirmado 2, usuario clicks on Completando formulario]], Then Him user will be succesfully created
[Test worker] WARN net.thucydides.core.steps.BaseStepListener - TestOutcomes: [Creating a new user:Given A user wants to create an account on Utest.com [Usuario open up [usuario opens the Utest page]], When he click on the button Join today an fill the form [Usuario join [usuario clicks on presionando boton Join, usuario enters 'Agustin' into llenando con un nombre, usuario enters 'Sanchez' into llenando con un apellido, usuario enters 'agustin@test.com' into llenando con un correo, usuario select June on Ingresando mes, usuario select 29 on Ingresando day, usuario select 1997 on Ingresando aÃ±o, usuario clicks on siguiente, usuario enters '07120' into ingresando zip code, usuario clicks on Next: devices, usuario clicks on Boton hacia el ultimo paso, usuario enters 'Choucair2021*' into ingresando contraseÃ±a, usuario enters 'Choucair2021*' into confirmando contraseÃ±a, usuario clicks on confirmado 1, usuario clicks on confirmado 2, usuario clicks on Completando formulario]], Then Him user will be succesfully created]
[Test worker] WARN net.thucydides.core.steps.BaseStepListener - Final testOutcomes: [Creating a new user:Given A user wants to create an account on Utest.com [Usuario open up [usuario opens the Utest page]], When he click on the button Join today an fill the form [Usuario join [usuario clicks on presionando boton Join, usuario enters 'Agustin' into llenando con un nombre, usuario enters 'Sanchez' into llenando con un apellido, usuario enters 'agustin@test.com' into llenando con un correo, usuario select June on Ingresando mes, usuario select 29 on Ingresando day, usuario select 1997 on Ingresando aÃ±o, usuario clicks on siguiente, usuario enters '07120' into ingresando zip code, usuario clicks on Next: devices, usuario clicks on Boton hacia el ultimo paso, usuario enters 'Choucair2021*' into ingresando contraseÃ±a, usuario enters 'Choucair2021*' into confirmando contraseÃ±a, usuario clicks on confirmado 1, usuario clicks on confirmado 2, usuario clicks on Completando formulario]], Then Him user will be succesfully created]
[Test worker] INFO net.thucydides.core.steps.ConsoleLoggingListener - 
        __    _____ _____ ____ _____   ____   _    ____  ____  _____ ____  
  _     \ \  |_   _| ____/ ___|_   _| |  _ \ / \  / ___|/ ___|| ____|  _ \ 
 (_)_____| |   | | |  _| \___ \ | |   | |_) / _ \ \___ \\___ \|  _| | | | |
  _|_____| |   | | | |___ ___) || |   |  __/ ___ \ ___) |___) | |___| |_| |
 (_)     | |   |_| |_____|____/ |_|   |_| /_/   \_\____/|____/|_____|____/ 
        /_/                                                                

TEST PASSED: Creating a new user
----------------------------------------------------------------------------
]]></system-err>
</testsuite>
