<?xml version="1.0" encoding="UTF-8"?>
<testsuite name="Challenge" tests="1" skipped="0" failures="0" errors="0" timestamp="2021-12-12T02:46:28" hostname="DESKTOP-6VO9PJ9" time="61.126">
  <properties/>
  <testcase name="Creating a new user" classname="Challenge" time="61.126"/>
  <system-out><![CDATA[]]></system-out>
  <system-err><![CDATA[[Test worker] WARN net.thucydides.core.steps.BaseStepListener - stepStarted: net.thucydides.core.steps.ExecutedStepDescription@154e8a50
[Test worker] WARN net.thucydides.core.steps.BaseStepListener - stepStarted: net.thucydides.core.steps.ExecutedStepDescription@5a195a43
[Test worker] WARN net.thucydides.core.steps.BaseStepListener - stepStarted: net.thucydides.core.steps.ExecutedStepDescription@2171af41
Dec 11, 2021 9:46:29 PM org.openqa.selenium.remote.DesiredCapabilities chrome
INFO: Using `new ChromeOptions()` is preferred to `DesiredCapabilities.chrome()`
[Test worker] INFO net.serenitybdd.core.webdriver.driverproviders.ProvideNewDriver - Instantiating driver
[Test worker] INFO net.serenitybdd.core.webdriver.driverproviders.ProvideNewDriver - Driver capabilities: Capabilities {acceptInsecureCerts: false, browserName: chrome, chrome.switches: --start-maximized, goog:chromeOptions: {args: [--start-maximized], extensions: []}, loggingPrefs: org.openqa.selenium.logging..., platform: ANY, version: }
Starting ChromeDriver 96.0.4664.45 (76e4c1bb2ab4671b8beba3444e61c0f17584b2fc-refs/branch-heads/4664@{#947}) on port 26109
Only local connections are allowed.
Please see https://chromedriver.chromium.org/security-considerations for suggestions on keeping ChromeDriver safe.
ChromeDriver was started successfully.
Dec 11, 2021 9:46:34 PM org.openqa.selenium.remote.ProtocolHandshake createSession
INFO: Detected dialect: W3C
[Test worker] WARN net.thucydides.core.steps.BaseStepListener - stepFinished: current outcome:Creating a new user:Given A user wants to create an account on Utest.com [Usuario open up [usuario opens the Utest page]]
[Test worker] WARN net.thucydides.core.steps.BaseStepListener - stepFinished: current outcome:Creating a new user:Given A user wants to create an account on Utest.com [Usuario open up [usuario opens the Utest page]]
[Test worker] WARN net.thucydides.core.steps.BaseStepListener - stepStarted: net.thucydides.core.steps.ExecutedStepDescription@603aca5e
[Test worker] WARN net.thucydides.core.steps.BaseStepListener - stepStarted: net.thucydides.core.steps.ExecutedStepDescription@52e0fc5c
[Test worker] WARN net.thucydides.core.steps.BaseStepListener - stepFinished: current outcome:Creating a new user:Given A user wants to create an account on Utest.com [Usuario open up [usuario opens the Utest page], Usuario join [usuario clicks on presionando boton Join]]
[Test worker] WARN net.thucydides.core.steps.BaseStepListener - stepStarted: net.thucydides.core.steps.ExecutedStepDescription@5b4684b8
[Test worker] WARN net.thucydides.core.steps.BaseStepListener - stepFinished: current outcome:Creating a new user:Given A user wants to create an account on Utest.com [Usuario open up [usuario opens the Utest page], Usuario join [usuario clicks on presionando boton Join, usuario enters 'Agustin' into llenando con un nombre]]
[Test worker] WARN net.thucydides.core.steps.BaseStepListener - stepStarted: net.thucydides.core.steps.ExecutedStepDescription@5297bcbb
[Test worker] WARN net.thucydides.core.steps.BaseStepListener - stepFinished: current outcome:Creating a new user:Given A user wants to create an account on Utest.com [Usuario open up [usuario opens the Utest page], Usuario join [usuario clicks on presionando boton Join, usuario enters 'Agustin' into llenando con un nombre, usuario enters 'Sanchez' into llenando con un apellido]]
[Test worker] WARN net.thucydides.core.steps.BaseStepListener - stepStarted: net.thucydides.core.steps.ExecutedStepDescription@702638df
[Test worker] WARN net.thucydides.core.steps.BaseStepListener - stepFinished: current outcome:Creating a new user:Given A user wants to create an account on Utest.com [Usuario open up [usuario opens the Utest page], Usuario join [usuario clicks on presionando boton Join, usuario enters 'Agustin' into llenando con un nombre, usuario enters 'Sanchez' into llenando con un apellido, usuario enters 'agustin@test.com' into llenando con un correo]]
[Test worker] WARN net.thucydides.core.steps.BaseStepListener - stepStarted: net.thucydides.core.steps.ExecutedStepDescription@73708cce
[Test worker] WARN net.thucydides.core.steps.BaseStepListener - stepFinished: current outcome:Creating a new user:Given A user wants to create an account on Utest.com [Usuario open up [usuario opens the Utest page], Usuario join [usuario clicks on presionando boton Join, usuario enters 'Agustin' into llenando con un nombre, usuario enters 'Sanchez' into llenando con un apellido, usuario enters 'agustin@test.com' into llenando con un correo, usuario select June on Ingresando mes]]
[Test worker] WARN net.thucydides.core.steps.BaseStepListener - stepStarted: net.thucydides.core.steps.ExecutedStepDescription@1bd19b8d
[Test worker] WARN net.thucydides.core.steps.BaseStepListener - stepFinished: current outcome:Creating a new user:Given A user wants to create an account on Utest.com [Usuario open up [usuario opens the Utest page], Usuario join [usuario clicks on presionando boton Join, usuario enters 'Agustin' into llenando con un nombre, usuario enters 'Sanchez' into llenando con un apellido, usuario enters 'agustin@test.com' into llenando con un correo, usuario select June on Ingresando mes, usuario select 29 on Ingresando day]]
[Test worker] WARN net.thucydides.core.steps.BaseStepListener - stepStarted: net.thucydides.core.steps.ExecutedStepDescription@782aa0a9
[Test worker] WARN net.thucydides.core.steps.BaseStepListener - stepFinished: current outcome:Creating a new user:Given A user wants to create an account on Utest.com [Usuario open up [usuario opens the Utest page], Usuario join [usuario clicks on presionando boton Join, usuario enters 'Agustin' into llenando con un nombre, usuario enters 'Sanchez' into llenando con un apellido, usuario enters 'agustin@test.com' into llenando con un correo, usuario select June on Ingresando mes, usuario select 29 on Ingresando day, usuario select 1997 on Ingresando aÃ±o]]
[Test worker] WARN net.thucydides.core.steps.BaseStepListener - stepStarted: net.thucydides.core.steps.ExecutedStepDescription@16cf9d3a
[Test worker] WARN net.thucydides.core.steps.BaseStepListener - stepFinished: current outcome:Creating a new user:Given A user wants to create an account on Utest.com [Usuario open up [usuario opens the Utest page], Usuario join [usuario clicks on presionando boton Join, usuario enters 'Agustin' into llenando con un nombre, usuario enters 'Sanchez' into llenando con un apellido, usuario enters 'agustin@test.com' into llenando con un correo, usuario select June on Ingresando mes, usuario select 29 on Ingresando day, usuario select 1997 on Ingresando aÃ±o, usuario clicks on siguiente]]
[Test worker] WARN net.thucydides.core.steps.BaseStepListener - stepStarted: net.thucydides.core.steps.ExecutedStepDescription@e50e106
[Test worker] WARN net.thucydides.core.steps.BaseStepListener - stepFinished: current outcome:Creating a new user:Given A user wants to create an account on Utest.com [Usuario open up [usuario opens the Utest page], Usuario join [usuario clicks on presionando boton Join, usuario enters 'Agustin' into llenando con un nombre, usuario enters 'Sanchez' into llenando con un apellido, usuario enters 'agustin@test.com' into llenando con un correo, usuario select June on Ingresando mes, usuario select 29 on Ingresando day, usuario select 1997 on Ingresando aÃ±o, usuario clicks on siguiente, usuario enters '07120' into ingresando zip code]]
[Test worker] WARN net.thucydides.core.steps.BaseStepListener - stepStarted: net.thucydides.core.steps.ExecutedStepDescription@1ff43832
[Test worker] WARN net.thucydides.core.steps.BaseStepListener - stepFinished: current outcome:Creating a new user:Given A user wants to create an account on Utest.com [Usuario open up [usuario opens the Utest page], Usuario join [usuario clicks on presionando boton Join, usuario enters 'Agustin' into llenando con un nombre, usuario enters 'Sanchez' into llenando con un apellido, usuario enters 'agustin@test.com' into llenando con un correo, usuario select June on Ingresando mes, usuario select 29 on Ingresando day, usuario select 1997 on Ingresando aÃ±o, usuario clicks on siguiente, usuario enters '07120' into ingresando zip code, usuario clicks on Next: devices]]
[Test worker] WARN net.thucydides.core.steps.BaseStepListener - stepStarted: net.thucydides.core.steps.ExecutedStepDescription@23748dc3
[Test worker] WARN net.thucydides.core.steps.BaseStepListener - stepFinished: current outcome:Creating a new user:Given A user wants to create an account on Utest.com [Usuario open up [usuario opens the Utest page], Usuario join [usuario clicks on presionando boton Join, usuario enters 'Agustin' into llenando con un nombre, usuario enters 'Sanchez' into llenando con un apellido, usuario enters 'agustin@test.com' into llenando con un correo, usuario select June on Ingresando mes, usuario select 29 on Ingresando day, usuario select 1997 on Ingresando aÃ±o, usuario clicks on siguiente, usuario enters '07120' into ingresando zip code, usuario clicks on Next: devices, usuario clicks on Boton hacia el ultimo paso]]
[Test worker] WARN net.thucydides.core.steps.BaseStepListener - stepStarted: net.thucydides.core.steps.ExecutedStepDescription@4789985c
[Test worker] WARN net.thucydides.core.steps.BaseStepListener - stepFinished: current outcome:Creating a new user:Given A user wants to create an account on Utest.com [Usuario open up [usuario opens the Utest page], Usuario join [usuario clicks on presionando boton Join, usuario enters 'Agustin' into llenando con un nombre, usuario enters 'Sanchez' into llenando con un apellido, usuario enters 'agustin@test.com' into llenando con un correo, usuario select June on Ingresando mes, usuario select 29 on Ingresando day, usuario select 1997 on Ingresando aÃ±o, usuario clicks on siguiente, usuario enters '07120' into ingresando zip code, usuario clicks on Next: devices, usuario clicks on Boton hacia el ultimo paso, usuario enters 'Choucair2021*' into ingresando contraseÃ±a]]
[Test worker] WARN net.thucydides.core.steps.BaseStepListener - stepStarted: net.thucydides.core.steps.ExecutedStepDescription@472ebb42
[Test worker] WARN net.thucydides.core.steps.BaseStepListener - stepFinished: current outcome:Creating a new user:Given A user wants to create an account on Utest.com [Usuario open up [usuario opens the Utest page], Usuario join [usuario clicks on presionando boton Join, usuario enters 'Agustin' into llenando con un nombre, usuario enters 'Sanchez' into llenando con un apellido, usuario enters 'agustin@test.com' into llenando con un correo, usuario select June on Ingresando mes, usuario select 29 on Ingresando day, usuario select 1997 on Ingresando aÃ±o, usuario clicks on siguiente, usuario enters '07120' into ingresando zip code, usuario clicks on Next: devices, usuario clicks on Boton hacia el ultimo paso, usuario enters 'Choucair2021*' into ingresando contraseÃ±a, usuario enters 'Choucair2021*' into confirmando contraseÃ±a]]
[Test worker] WARN net.thucydides.core.steps.BaseStepListener - stepStarted: net.thucydides.core.steps.ExecutedStepDescription@414b34c4
[Test worker] WARN net.thucydides.core.steps.BaseStepListener - stepFinished: current outcome:Creating a new user:Given A user wants to create an account on Utest.com [Usuario open up [usuario opens the Utest page], Usuario join [usuario clicks on presionando boton Join, usuario enters 'Agustin' into llenando con un nombre, usuario enters 'Sanchez' into llenando con un apellido, usuario enters 'agustin@test.com' into llenando con un correo, usuario select June on Ingresando mes, usuario select 29 on Ingresando day, usuario select 1997 on Ingresando aÃ±o, usuario clicks on siguiente, usuario enters '07120' into ingresando zip code, usuario clicks on Next: devices, usuario clicks on Boton hacia el ultimo paso, usuario enters 'Choucair2021*' into ingresando contraseÃ±a, usuario enters 'Choucair2021*' into confirmando contraseÃ±a, usuario clicks on confirmado 1]]
[Test worker] WARN net.thucydides.core.steps.BaseStepListener - stepStarted: net.thucydides.core.steps.ExecutedStepDescription@604beda0
[Test worker] WARN net.thucydides.core.steps.BaseStepListener - stepFinished: current outcome:Creating a new user:Given A user wants to create an account on Utest.com [Usuario open up [usuario opens the Utest page], Usuario join [usuario clicks on presionando boton Join, usuario enters 'Agustin' into llenando con un nombre, usuario enters 'Sanchez' into llenando con un apellido, usuario enters 'agustin@test.com' into llenando con un correo, usuario select June on Ingresando mes, usuario select 29 on Ingresando day, usuario select 1997 on Ingresando aÃ±o, usuario clicks on siguiente, usuario enters '07120' into ingresando zip code, usuario clicks on Next: devices, usuario clicks on Boton hacia el ultimo paso, usuario enters 'Choucair2021*' into ingresando contraseÃ±a, usuario enters 'Choucair2021*' into confirmando contraseÃ±a, usuario clicks on confirmado 1, usuario clicks on confirmado 2]]
[Test worker] WARN net.thucydides.core.steps.BaseStepListener - stepStarted: net.thucydides.core.steps.ExecutedStepDescription@124a516a
[Test worker] WARN net.thucydides.core.steps.BaseStepListener - stepFinished: current outcome:Creating a new user:Given A user wants to create an account on Utest.com [Usuario open up [usuario opens the Utest page], Usuario join [usuario clicks on presionando boton Join, usuario enters 'Agustin' into llenando con un nombre, usuario enters 'Sanchez' into llenando con un apellido, usuario enters 'agustin@test.com' into llenando con un correo, usuario select June on Ingresando mes, usuario select 29 on Ingresando day, usuario select 1997 on Ingresando aÃ±o, usuario clicks on siguiente, usuario enters '07120' into ingresando zip code, usuario clicks on Next: devices, usuario clicks on Boton hacia el ultimo paso, usuario enters 'Choucair2021*' into ingresando contraseÃ±a, usuario enters 'Choucair2021*' into confirmando contraseÃ±a, usuario clicks on confirmado 1, usuario clicks on confirmado 2, usuario clicks on Completando formulario]]
[Test worker] WARN net.thucydides.core.steps.BaseStepListener - stepFinished: current outcome:Creating a new user:Given A user wants to create an account on Utest.com [Usuario open up [usuario opens the Utest page], Usuario join [usuario clicks on presionando boton Join, usuario enters 'Agustin' into llenando con un nombre, usuario enters 'Sanchez' into llenando con un apellido, usuario enters 'agustin@test.com' into llenando con un correo, usuario select June on Ingresando mes, usuario select 29 on Ingresando day, usuario select 1997 on Ingresando aÃ±o, usuario clicks on siguiente, usuario enters '07120' into ingresando zip code, usuario clicks on Next: devices, usuario clicks on Boton hacia el ultimo paso, usuario enters 'Choucair2021*' into ingresando contraseÃ±a, usuario enters 'Choucair2021*' into confirmando contraseÃ±a, usuario clicks on confirmado 1, usuario clicks on confirmado 2, usuario clicks on Completando formulario]]
[Test worker] WARN net.thucydides.core.steps.BaseStepListener - stepFinished: current outcome:Creating a new user:Given A user wants to create an account on Utest.com [Usuario open up [usuario opens the Utest page], Usuario join [usuario clicks on presionando boton Join, usuario enters 'Agustin' into llenando con un nombre, usuario enters 'Sanchez' into llenando con un apellido, usuario enters 'agustin@test.com' into llenando con un correo, usuario select June on Ingresando mes, usuario select 29 on Ingresando day, usuario select 1997 on Ingresando aÃ±o, usuario clicks on siguiente, usuario enters '07120' into ingresando zip code, usuario clicks on Next: devices, usuario clicks on Boton hacia el ultimo paso, usuario enters 'Choucair2021*' into ingresando contraseÃ±a, usuario enters 'Choucair2021*' into confirmando contraseÃ±a, usuario clicks on confirmado 1, usuario clicks on confirmado 2, usuario clicks on Completando formulario]]
[Test worker] WARN net.thucydides.core.steps.BaseStepListener - stepStarted: net.thucydides.core.steps.ExecutedStepDescription@2c72c33e
[Test worker] WARN net.thucydides.core.steps.BaseStepListener - stepFinished: current outcome:Creating a new user:Given A user wants to create an account on Utest.com [Usuario open up [usuario opens the Utest page], Usuario join [usuario clicks on presionando boton Join, usuario enters 'Agustin' into llenando con un nombre, usuario enters 'Sanchez' into llenando con un apellido, usuario enters 'agustin@test.com' into llenando con un correo, usuario select June on Ingresando mes, usuario select 29 on Ingresando day, usuario select 1997 on Ingresando aÃ±o, usuario clicks on siguiente, usuario enters '07120' into ingresando zip code, usuario clicks on Next: devices, usuario clicks on Boton hacia el ultimo paso, usuario enters 'Choucair2021*' into ingresando contraseÃ±a, usuario enters 'Choucair2021*' into confirmando contraseÃ±a, usuario clicks on confirmado 1, usuario clicks on confirmado 2, usuario clicks on Completando formulario]], When he click on the button Join today an fill the form
[Test worker] WARN net.thucydides.core.steps.BaseStepListener - stepStarted: net.thucydides.core.steps.ExecutedStepDescription@2d7401f9
[Test worker] WARN net.thucydides.core.steps.BaseStepListener - stepFinished: current outcome:Creating a new user:Given A user wants to create an account on Utest.com [Usuario open up [usuario opens the Utest page], Usuario join [usuario clicks on presionando boton Join, usuario enters 'Agustin' into llenando con un nombre, usuario enters 'Sanchez' into llenando con un apellido, usuario enters 'agustin@test.com' into llenando con un correo, usuario select June on Ingresando mes, usuario select 29 on Ingresando day, usuario select 1997 on Ingresando aÃ±o, usuario clicks on siguiente, usuario enters '07120' into ingresando zip code, usuario clicks on Next: devices, usuario clicks on Boton hacia el ultimo paso, usuario enters 'Choucair2021*' into ingresando contraseÃ±a, usuario enters 'Choucair2021*' into confirmando contraseÃ±a, usuario clicks on confirmado 1, usuario clicks on confirmado 2, usuario clicks on Completando formulario]], When he click on the button Join today an fill the form, Then Him user will be succesfully created
[Test worker] WARN net.thucydides.core.steps.BaseStepListener - testFinished: Creating a new user:Given A user wants to create an account on Utest.com [Usuario open up [usuario opens the Utest page], Usuario join [usuario clicks on presionando boton Join, usuario enters 'Agustin' into llenando con un nombre, usuario enters 'Sanchez' into llenando con un apellido, usuario enters 'agustin@test.com' into llenando con un correo, usuario select June on Ingresando mes, usuario select 29 on Ingresando day, usuario select 1997 on Ingresando aÃ±o, usuario clicks on siguiente, usuario enters '07120' into ingresando zip code, usuario clicks on Next: devices, usuario clicks on Boton hacia el ultimo paso, usuario enters 'Choucair2021*' into ingresando contraseÃ±a, usuario enters 'Choucair2021*' into confirmando contraseÃ±a, usuario clicks on confirmado 1, usuario clicks on confirmado 2, usuario clicks on Completando formulario]], When he click on the button Join today an fill the form, Then Him user will be succesfully created
[Test worker] WARN net.thucydides.core.steps.BaseStepListener - TestOutcomes: [Creating a new user:Given A user wants to create an account on Utest.com [Usuario open up [usuario opens the Utest page], Usuario join [usuario clicks on presionando boton Join, usuario enters 'Agustin' into llenando con un nombre, usuario enters 'Sanchez' into llenando con un apellido, usuario enters 'agustin@test.com' into llenando con un correo, usuario select June on Ingresando mes, usuario select 29 on Ingresando day, usuario select 1997 on Ingresando aÃ±o, usuario clicks on siguiente, usuario enters '07120' into ingresando zip code, usuario clicks on Next: devices, usuario clicks on Boton hacia el ultimo paso, usuario enters 'Choucair2021*' into ingresando contraseÃ±a, usuario enters 'Choucair2021*' into confirmando contraseÃ±a, usuario clicks on confirmado 1, usuario clicks on confirmado 2, usuario clicks on Completando formulario]], When he click on the button Join today an fill the form, Then Him user will be succesfully created]
[Test worker] WARN net.thucydides.core.steps.BaseStepListener - Final testOutcomes: [Creating a new user:Given A user wants to create an account on Utest.com [Usuario open up [usuario opens the Utest page], Usuario join [usuario clicks on presionando boton Join, usuario enters 'Agustin' into llenando con un nombre, usuario enters 'Sanchez' into llenando con un apellido, usuario enters 'agustin@test.com' into llenando con un correo, usuario select June on Ingresando mes, usuario select 29 on Ingresando day, usuario select 1997 on Ingresando aÃ±o, usuario clicks on siguiente, usuario enters '07120' into ingresando zip code, usuario clicks on Next: devices, usuario clicks on Boton hacia el ultimo paso, usuario enters 'Choucair2021*' into ingresando contraseÃ±a, usuario enters 'Choucair2021*' into confirmando contraseÃ±a, usuario clicks on confirmado 1, usuario clicks on confirmado 2, usuario clicks on Completando formulario]], When he click on the button Join today an fill the form, Then Him user will be succesfully created]
[Test worker] INFO net.thucydides.core.steps.ConsoleLoggingListener - 
        __    _____ _____ ____ _____   ____   _    ____  ____  _____ ____  
  _     \ \  |_   _| ____/ ___|_   _| |  _ \ / \  / ___|/ ___|| ____|  _ \ 
 (_)_____| |   | | |  _| \___ \ | |   | |_) / _ \ \___ \\___ \|  _| | | | |
  _|_____| |   | | | |___ ___) || |   |  __/ ___ \ ___) |___) | |___| |_| |
 (_)     | |   |_| |_____|____/ |_|   |_| /_/   \_\____/|____/|_____|____/ 
        /_/                                                                

TEST PASSED: Creating a new user
----------------------------------------------------------------------------
]]></system-err>
</testsuite>
